# Generated by Apache Directory Studio on November 26, 2014 1:38:18 PM

# SCHEMA "DCM4CHEE-STORAGE"
#!RESULT OK
#!CONNECTION ldap://localhost:10389
#!DATE 2014-12-02T11:42:54.348
dn: cn=dcm4chee-storage, ou=schema
objectclass: metaSchema
objectclass: top
cn: dcm4chee-storage
m-dependencies: dicom

#!RESULT OK
#!CONNECTION ldap://localhost:10389
#!DATE 2014-12-02T11:42:54.351
dn: ou=attributetypes, cn=dcm4chee-storage, ou=schema
objectclass: organizationalUnit
objectclass: top
ou: attributetypes

#!RESULT OK
#!CONNECTION ldap://localhost:10389
#!DATE 2014-12-02T11:42:54.362
dn: m-oid=1.2.40.0.13.1.15.30.3.1, ou=attributetypes, cn=dcm4chee-storage, o
 u=schema
objectclass: metaAttributeType
objectclass: metaTop
objectclass: top
m-oid: 1.2.40.0.13.1.15.30.3.1
m-name: dcmProviderName
m-description: Provider Name
m-equality: caseIgnoreMatch
m-substr: caseIgnoreSubstringsMatch
m-syntax: 1.3.6.1.4.1.1466.115.121.1.15
m-singleValue: TRUE

#!RESULT OK
#!CONNECTION ldap://localhost:10389
#!DATE 2014-12-02T11:42:54.373
dn: m-oid=1.2.40.0.13.1.15.30.3.2, ou=attributetypes, cn=dcm4chee-storage, o
 u=schema
objectclass: metaAttributeType
objectclass: metaTop
objectclass: top
m-oid: 1.2.40.0.13.1.15.30.3.2
m-name: dcmStorageSystemGroupID
m-description: Storage System Group ID
m-equality: caseIgnoreMatch
m-substr: caseIgnoreSubstringsMatch
m-syntax: 1.3.6.1.4.1.1466.115.121.1.15
m-singleValue: TRUE

#!RESULT OK
#!CONNECTION ldap://localhost:10389
#!DATE 2014-12-02T11:42:54.386
dn: m-oid=1.2.40.0.13.1.15.30.3.3, ou=attributetypes, cn=dcm4chee-storage, o
 u=schema
objectclass: metaAttributeType
objectclass: metaTop
objectclass: top
m-oid: 1.2.40.0.13.1.15.30.3.3
m-name: dcmStorageSystemID
m-description: Storage System ID
m-equality: caseIgnoreMatch
m-substr: caseIgnoreSubstringsMatch
m-syntax: 1.3.6.1.4.1.1466.115.121.1.15
m-singleValue: TRUE

#!RESULT OK
#!CONNECTION ldap://localhost:10389
#!DATE 2014-12-02T11:42:54.396
dn: m-oid=1.2.40.0.13.1.15.30.3.4, ou=attributetypes, cn=dcm4chee-storage, o
 u=schema
objectclass: metaAttributeType
objectclass: metaTop
objectclass: top
m-oid: 1.2.40.0.13.1.15.30.3.4
m-name: dcmNextStorageSystemID
m-description: Next Storage System ID
m-equality: caseIgnoreMatch
m-substr: caseIgnoreSubstringsMatch
m-syntax: 1.3.6.1.4.1.1466.115.121.1.15
m-singleValue: TRUE

#!RESULT OK
#!CONNECTION ldap://localhost:10389
#!DATE 2014-12-02T11:42:54.406
dn: m-oid=1.2.40.0.13.1.15.30.3.5, ou=attributetypes, cn=dcm4chee-storage, o
 u=schema
objectclass: metaAttributeType
objectclass: metaTop
objectclass: top
m-oid: 1.2.40.0.13.1.15.30.3.5
m-name: dcmActiveStorageSystemID
m-description: Next Storage System ID
m-equality: caseIgnoreMatch
m-substr: caseIgnoreSubstringsMatch
m-syntax: 1.3.6.1.4.1.1466.115.121.1.15

#!RESULT OK
#!CONNECTION ldap://localhost:10389
#!DATE 2014-12-02T11:42:54.417
dn: m-oid=1.2.40.0.13.1.15.30.3.6, ou=attributetypes, cn=dcm4chee-storage, o
 u=schema
objectclass: metaAttributeType
objectclass: metaTop
objectclass: top
m-oid: 1.2.40.0.13.1.15.30.3.6
m-name: dcmStorageSystemPath
m-description: Storage System ID
m-equality: caseIgnoreMatch
m-substr: caseIgnoreSubstringsMatch
m-syntax: 1.3.6.1.4.1.1466.115.121.1.15
m-singleValue: TRUE

#!RESULT OK
#!CONNECTION ldap://localhost:10389
#!DATE 2014-12-02T11:42:54.430
dn: m-oid=1.2.40.0.13.1.15.30.3.7, ou=attributetypes, cn=dcm4chee-storage, o
 u=schema
objectclass: metaAttributeType
objectclass: metaTop
objectclass: top
m-oid: 1.2.40.0.13.1.15.30.3.7
m-name: dcmStorageSystemStatus
m-description: Storage System Status: OK, FULL or NOT_ACCESSABLE. OK if abse
 nt
m-equality: caseExactIA5Match
m-syntax: 1.3.6.1.4.1.1466.115.121.1.26
m-singleValue: TRUE

#!RESULT OK
#!CONNECTION ldap://localhost:10389
#!DATE 2014-12-02T11:42:54.440
dn: m-oid=1.2.40.0.13.1.15.30.3.8, ou=attributetypes, cn=dcm4chee-storage, o
 u=schema
objectclass: metaAttributeType
objectclass: metaTop
objectclass: top
m-oid: 1.2.40.0.13.1.15.30.3.8
m-name: dcmStorageReadOnly
m-description: Indicates if Storage is read-only. false if absent
m-equality: booleanMatch
m-syntax: 1.3.6.1.4.1.1466.115.121.1.7
m-singleValue: TRUE

#!RESULT OK
#!CONNECTION ldap://localhost:10389
#!DATE 2014-12-02T11:42:54.450
dn: m-oid=1.2.40.0.13.1.15.30.3.9, ou=attributetypes, cn=dcm4chee-storage, o
 u=schema
objectclass: metaAttributeType
objectclass: metaTop
objectclass: top
m-oid: 1.2.40.0.13.1.15.30.3.9
m-name: dcmStorageAccessTime
m-description: Storage Access Time. 0 if absent
m-equality: integerMatch
m-syntax: 1.3.6.1.4.1.1466.115.121.1.27
m-singleValue: TRUE

#!RESULT OK
#!CONNECTION ldap://localhost:10389
#!DATE 2014-12-02T11:42:54.460
dn: m-oid=1.2.40.0.13.1.15.30.3.10, ou=attributetypes, cn=dcm4chee-storage, 
 ou=schema
objectclass: metaAttributeType
objectclass: metaTop
objectclass: top
m-oid: 1.2.40.0.13.1.15.30.3.10
m-name: dcmStorageMinFreeSpace
m-description: Threshold of free space of active Storage System in format <i
 nteger>{kB|MB|GB|KiB|MiB|GiB}.
m-equality: caseExactIA5Match
m-syntax: 1.3.6.1.4.1.1466.115.121.1.26
m-singleValue: TRUE

#!RESULT OK
#!CONNECTION ldap://localhost:10389
#!DATE 2014-12-02T11:42:54.472
dn: m-oid=1.2.40.0.13.1.15.30.3.11, ou=attributetypes, cn=dcm4chee-storage, 
 ou=schema
objectclass: metaAttributeType
objectclass: metaTop
objectclass: top
m-oid: 1.2.40.0.13.1.15.30.3.11
m-name: dcmStorageMountCheckFile
m-description: Specifies path of file which appearance indicates a failed mo
 unt
m-equality: caseIgnoreMatch
m-substr: caseIgnoreSubstringsMatch
m-syntax: 1.3.6.1.4.1.1466.115.121.1.15
m-singleValue: TRUE

#!RESULT OK
#!CONNECTION ldap://localhost:10389
#!DATE 2014-12-02T11:42:54.482
dn: m-oid=1.2.40.0.13.1.15.30.3.12, ou=attributetypes, cn=dcm4chee-storage, 
 ou=schema
objectclass: metaAttributeType
objectclass: metaTop
objectclass: top
m-oid: 1.2.40.0.13.1.15.30.3.12
m-name: dcmStorageSystemAPI
m-description: Storage System API
m-equality: caseIgnoreMatch
m-substr: caseIgnoreSubstringsMatch
m-syntax: 1.3.6.1.4.1.1466.115.121.1.15
m-singleValue: TRUE

#!RESULT OK
#!CONNECTION ldap://localhost:10389
#!DATE 2014-12-02T11:42:54.493
dn: m-oid=1.2.40.0.13.1.15.30.3.13, ou=attributetypes, cn=dcm4chee-storage, 
 ou=schema
objectclass: metaAttributeType
objectclass: metaTop
objectclass: top
m-oid: 1.2.40.0.13.1.15.30.3.13
m-name: dcmStorageSystemIdentity
m-description: Storage System Identity
m-equality: caseIgnoreMatch
m-substr: caseIgnoreSubstringsMatch
m-syntax: 1.3.6.1.4.1.1466.115.121.1.15
m-singleValue: TRUE

#!RESULT OK
#!CONNECTION ldap://localhost:10389
#!DATE 2014-12-02T11:42:54.503
dn: m-oid=1.2.40.0.13.1.15.30.3.14, ou=attributetypes, cn=dcm4chee-storage, 
 ou=schema
objectclass: metaAttributeType
objectclass: metaTop
objectclass: top
m-oid: 1.2.40.0.13.1.15.30.3.14
m-name: dcmStorageSystemCredential
m-description: Storage System Credential
m-equality: caseIgnoreMatch
m-substr: caseIgnoreSubstringsMatch
m-syntax: 1.3.6.1.4.1.1466.115.121.1.15
m-singleValue: TRUE

#!RESULT OK
#!CONNECTION ldap://localhost:10389
#!DATE 2014-12-02T11:42:54.520
dn: m-oid=1.2.40.0.13.1.15.30.3.15, ou=attributetypes, cn=dcm4chee-storage, 
 ou=schema
objectclass: metaAttributeType
objectclass: metaTop
objectclass: top
m-oid: 1.2.40.0.13.1.15.30.3.15
m-name: dcmStorageSystemContainer
m-description: Storage System Container
m-equality: caseIgnoreMatch
m-substr: caseIgnoreSubstringsMatch
m-syntax: 1.3.6.1.4.1.1466.115.121.1.15
m-singleValue: TRUE

#!RESULT OK
#!CONNECTION ldap://localhost:10389
#!DATE 2014-12-02T11:42:54.530
dn: m-oid=1.2.40.0.13.1.15.30.3.16, ou=attributetypes, cn=dcm4chee-storage, 
 ou=schema
objectclass: metaAttributeType
objectclass: metaTop
objectclass: top
m-oid: 1.2.40.0.13.1.15.30.3.16
m-name: dcmStorageSystemMaxConnections
m-description: Maximum number of connections; 5 if absent
m-equality: integerMatch
m-syntax: 1.3.6.1.4.1.1466.115.121.1.27
m-singleValue: TRUE

#!RESULT OK
#!CONNECTION ldap://localhost:10389
#!DATE 2014-12-02T11:42:54.540
dn: m-oid=1.2.40.0.13.1.15.30.3.17, ou=attributetypes, cn=dcm4chee-storage, 
 ou=schema
objectclass: metaAttributeType
objectclass: metaTop
objectclass: top
m-oid: 1.2.40.0.13.1.15.30.3.17
m-name: dcmStorageSystemConnectionTimeout
m-description: Connection timeout in ms; 0 (=no limit) if absent
m-equality: integerMatch
m-syntax: 1.3.6.1.4.1.1466.115.121.1.27
m-singleValue: TRUE

#!RESULT OK
#!CONNECTION ldap://localhost:10389
#!DATE 2014-12-02T11:42:54.551
dn: m-oid=1.2.40.0.13.1.15.30.3.18, ou=attributetypes, cn=dcm4chee-storage, 
 ou=schema
objectclass: metaAttributeType
objectclass: metaTop
objectclass: top
m-oid: 1.2.40.0.13.1.15.30.3.18
m-name: dcmStorageSystemSocketTimeout
m-description: Socket timeout in ms; 0 (=no limit) if absent
m-equality: integerMatch
m-syntax: 1.3.6.1.4.1.1466.115.121.1.27
m-singleValue: TRUE

#!RESULT OK
#!CONNECTION ldap://localhost:10389
#!DATE 2014-12-02T11:42:54.562
dn: m-oid=1.2.40.0.13.1.15.30.3.19, ou=attributetypes, cn=dcm4chee-storage, 
 ou=schema
objectclass: metaAttributeType
objectclass: metaTop
objectclass: top
m-oid: 1.2.40.0.13.1.15.30.3.19
m-name: dcmStorageSystemMultipartUpload
m-description: Indicates if a single object is uploaded as a set or parts. t
 rue if absent
m-equality: booleanMatch
m-syntax: 1.3.6.1.4.1.1466.115.121.1.7
m-singleValue: TRUE

#!RESULT OK
#!CONNECTION ldap://localhost:10389
#!DATE 2014-12-02T11:42:54.573
dn: m-oid=1.2.40.0.13.1.15.30.3.20, ou=attributetypes, cn=dcm4chee-storage, 
 ou=schema
objectclass: metaAttributeType
objectclass: metaTop
objectclass: top
m-oid: 1.2.40.0.13.1.15.30.3.20
m-name: dcmStorageSystemMultipartChunkSize
m-description: Multipart upload chunk size in format <integer>{kB|MB|GB|KiB|
 MiB|GiB}. 32MB if absent
m-equality: caseExactIA5Match
m-syntax: 1.3.6.1.4.1.1466.115.121.1.26
m-singleValue: TRUE

#!RESULT OK
#!CONNECTION ldap://localhost:10389
#!DATE 2014-12-02T11:42:54.583
dn: m-oid=1.2.40.0.13.1.15.30.3.21, ou=attributetypes, cn=dcm4chee-storage, 
 ou=schema
objectclass: metaAttributeType
objectclass: metaTop
objectclass: top
m-oid: 1.2.40.0.13.1.15.30.3.21
m-name: dcmInstanceAvailability
m-description: Instance Availability: ONLINE, NEARLINE or OFFLINE. ONLINE if
  absent.
m-equality: caseExactIA5Match
m-syntax: 1.3.6.1.4.1.1466.115.121.1.26
m-singleValue: TRUE

#!RESULT OK
#!CONNECTION ldap://localhost:10389
#!DATE 2014-12-02T11:42:54.586
dn: ou=comparators, cn=dcm4chee-storage, ou=schema
objectclass: organizationalUnit
objectclass: top
ou: comparators

#!RESULT OK
#!CONNECTION ldap://localhost:10389
#!DATE 2014-12-02T11:42:54.589
dn: ou=ditcontentrules, cn=dcm4chee-storage, ou=schema
objectclass: organizationalUnit
objectclass: top
ou: ditcontentrules

#!RESULT OK
#!CONNECTION ldap://localhost:10389
#!DATE 2014-12-02T11:42:54.591
dn: ou=ditstructurerules, cn=dcm4chee-storage, ou=schema
objectclass: organizationalUnit
objectclass: top
ou: ditstructurerules

#!RESULT OK
#!CONNECTION ldap://localhost:10389
#!DATE 2014-12-02T11:42:54.593
dn: ou=matchingrules, cn=dcm4chee-storage, ou=schema
objectclass: organizationalUnit
objectclass: top
ou: matchingrules

#!RESULT OK
#!CONNECTION ldap://localhost:10389
#!DATE 2014-12-02T11:42:54.596
dn: ou=matchingruleuse, cn=dcm4chee-storage, ou=schema
objectclass: organizationalUnit
objectclass: top
ou: matchingruleuse

#!RESULT OK
#!CONNECTION ldap://localhost:10389
#!DATE 2014-12-02T11:42:54.598
dn: ou=nameforms, cn=dcm4chee-storage, ou=schema
objectclass: organizationalUnit
objectclass: top
ou: nameforms

#!RESULT OK
#!CONNECTION ldap://localhost:10389
#!DATE 2014-12-02T11:42:54.600
dn: ou=normalizers, cn=dcm4chee-storage, ou=schema
objectclass: organizationalUnit
objectclass: top
ou: normalizers

#!RESULT OK
#!CONNECTION ldap://localhost:10389
#!DATE 2014-12-02T11:42:54.603
dn: ou=objectclasses, cn=dcm4chee-storage, ou=schema
objectclass: organizationalUnit
objectclass: top
ou: objectClasses

#!RESULT OK
#!CONNECTION ldap://localhost:10389
#!DATE 2014-12-02T11:42:54.617
dn: m-oid=1.2.40.0.13.1.15.30.4.1, ou=objectclasses, cn=dcm4chee-storage, ou
 =schema
objectclass: metaObjectClass
objectclass: metaTop
objectclass: top
m-oid: 1.2.40.0.13.1.15.30.4.1
m-name: dcmStorageDeviceExtension
m-description: Storage Device Extension
m-supObjectClass: top
m-must: cn

#!RESULT OK
#!CONNECTION ldap://localhost:10389
#!DATE 2014-12-02T11:42:54.628
dn: m-oid=1.2.40.0.13.1.15.30.4.2, ou=objectclasses, cn=dcm4chee-storage, ou
 =schema
objectclass: metaObjectClass
objectclass: metaTop
objectclass: top
m-oid: 1.2.40.0.13.1.15.30.4.2
m-name: dcmStorageSystemGroup
m-description: Storage System Group
m-supObjectClass: top
m-must: dcmStorageSystemGroupID
m-may: dcmActiveStorageSystemID
m-may: dcmNextStorageSystemID
m-may: dicomInstalled

#!RESULT OK
#!CONNECTION ldap://localhost:10389
#!DATE 2014-12-02T11:42:54.642
dn: m-oid=1.2.40.0.13.1.15.30.4.3, ou=objectclasses, cn=dcm4chee-storage, ou
 =schema
objectclass: metaObjectClass
objectclass: metaTop
objectclass: top
m-oid: 1.2.40.0.13.1.15.30.4.3
m-name: dcmStorageSystem
m-description: Storage System
m-supObjectClass: top
m-must: dcmStorageSystemID
m-must: dcmStorageSystemStatus
m-must: dcmProviderName
m-may: dcmNextStorageSystemID
m-may: dcmStorageSystemPath
m-may: dcmStorageReadOnly
m-may: dcmStorageAccessTime
m-may: dcmInstanceAvailability
m-may: dcmStorageMinFreeSpace
m-may: dcmStorageMountCheckFile
m-may: dicomInstalled
m-may: dcmStorageSystemAPI
m-may: dcmStorageSystemIdentity
m-may: dcmStorageSystemCredential
m-may: dcmStorageSystemContainer
m-may: dcmStorageSystemMaxConnections
m-may: dcmStorageSystemConnectionTimeout
m-may: dcmStorageSystemSocketTimeout
m-may: dcmStorageSystemMultipartUpload
m-may: dcmStorageSystemMultipartChunkSize

#!RESULT OK
#!CONNECTION ldap://localhost:10389
#!DATE 2014-12-02T11:42:54.653
dn: m-oid=1.2.40.0.13.1.15.30.4.4, ou=objectclasses, cn=dcm4chee-storage, ou
 =schema
objectclass: metaObjectClass
objectclass: metaTop
objectclass: top
m-oid: 1.2.40.0.13.1.15.30.4.4
m-name: dcmStorageArchiver
m-description: Storage Archiver
m-supObjectClass: top
m-must: cn
m-must: dcmProviderName

#!RESULT OK
#!CONNECTION ldap://localhost:10389
#!DATE 2014-12-02T11:42:54.666
dn: m-oid=1.2.40.0.13.1.15.30.4.5, ou=objectclasses, cn=dcm4chee-storage, ou
 =schema
objectclass: metaObjectClass
objectclass: metaTop
objectclass: top
m-oid: 1.2.40.0.13.1.15.30.4.5
m-name: dcmStorageFileCache
m-description: Storage File Cache
m-supObjectClass: top
m-must: cn
m-must: dcmProviderName

#!RESULT OK
#!CONNECTION ldap://localhost:10389
#!DATE 2014-12-02T11:42:54.668
dn: ou=syntaxcheckers, cn=dcm4chee-storage, ou=schema
objectclass: organizationalUnit
objectclass: top
ou: syntaxcheckers

#!RESULT OK
#!CONNECTION ldap://localhost:10389
#!DATE 2014-12-02T11:42:54.671
dn: ou=syntaxes, cn=dcm4chee-storage, ou=schema
objectclass: organizationalUnit
objectclass: top
ou: syntaxes

